[  760375ms] [ERROR] ./app/globals.css
Error evaluating Node.js code
CssSyntaxError: tailwindcss: D:\GithubProjects\BitStat\frontend\bitstat\app\globals.css:1:1: Cannot apply unknown utility class `animate-marquee`
    [at Input.error (turbopack:///[project]/node_modules/postcss/lib/input.js:135:16)]
    [at Root.error (turbopack:///[project]/node_modules/postcss/lib/node.js:146:32)]
    [at Object.Once (D:\GithubProjects\BitStat\frontend\bitstat\node_modules\@tailwindcss\postcss\dist\index.js:10:6913)]
    [at async LazyResult.runAsync (turbopack:///[project]/node_modules/postcss/lib/lazy-result.js:293:11)]
    [at async transform (turbopack:///[turbopack-node]/transforms/postcss.ts:70:34)]
    [at async run (turbopack:///[turbopack-node]/ipc/evaluate.ts:92:23)]

Import trace:
  Client Component Browser:
    ./app/globals.css [Client Component Browser]
    ./app/layout.tsx [Server Component] @ http://localhost:3000/_next/static/chunks/node_modules_next_dist_f3530cac._.js:3127
[  760436ms] [ERROR] ./app/globals.css
Error evaluating Node.js code
CssSyntaxError: tailwindcss: D:\GithubProjects\BitStat\frontend\bitstat\app\globals.css:1:1: Cannot apply unknown utility class `animate-marquee`
    [at Input.error (turbopack:///[project]/node_modules/postcss/lib/input.js:135:16)]
    [at Root.error (turbopack:///[project]/node_modules/postcss/lib/node.js:146:32)]
    [at Object.Once (D:\GithubProjects\BitStat\frontend\bitstat\node_modules\@tailwindcss\postcss\dist\index.js:10:6913)]
    [at async LazyResult.runAsync (turbopack:///[project]/node_modules/postcss/lib/lazy-result.js:293:11)]
    [at async transform (turbopack:///[turbopack-node]/transforms/postcss.ts:70:34)]
    [at async run (turbopack:///[turbopack-node]/ipc/evaluate.ts:92:23)]

Import trace:
  Client Component Browser:
    ./app/globals.css [Client Component Browser]
    ./app/layout.tsx [Server Component] @ http://localhost:3000/_next/static/chunks/node_modules_next_dist_f3530cac._.js:3127
[  760620ms] [ERROR] ./app/globals.css
Error evaluating Node.js code
CssSyntaxError: tailwindcss: D:\GithubProjects\BitStat\frontend\bitstat\app\globals.css:1:1: Cannot apply unknown utility class `animate-marquee`
    [at Input.error (turbopack:///[project]/node_modules/postcss/lib/input.js:135:16)]
    [at Root.error (turbopack:///[project]/node_modules/postcss/lib/node.js:146:32)]
    [at Object.Once (D:\GithubProjects\BitStat\frontend\bitstat\node_modules\@tailwindcss\postcss\dist\index.js:10:6913)]
    [at async LazyResult.runAsync (turbopack:///[project]/node_modules/postcss/lib/lazy-result.js:293:11)]
    [at async transform (turbopack:///[turbopack-node]/transforms/postcss.ts:70:34)]
    [at async run (turbopack:///[turbopack-node]/ipc/evaluate.ts:92:23)]

Import trace:
  Client Component Browser:
    ./app/globals.css [Client Component Browser]
    ./app/layout.tsx [Server Component] @ http://localhost:3000/_next/static/chunks/node_modules_next_dist_f3530cac._.js:3127
[  769297ms] [ERROR] ./app/globals.css
Error evaluating Node.js code
CssSyntaxError: tailwindcss: D:\GithubProjects\BitStat\frontend\bitstat\app\globals.css:1:1: Cannot apply unknown utility class `animate-marquee`
    [at Input.error (turbopack:///[project]/node_modules/postcss/lib/input.js:135:16)]
    [at Root.error (turbopack:///[project]/node_modules/postcss/lib/node.js:146:32)]
    [at Object.Once (D:\GithubProjects\BitStat\frontend\bitstat\node_modules\@tailwindcss\postcss\dist\index.js:10:6913)]
    [at async LazyResult.runAsync (turbopack:///[project]/node_modules/postcss/lib/lazy-result.js:293:11)]
    [at async transform (turbopack:///[turbopack-node]/transforms/postcss.ts:70:34)]
    [at async run (turbopack:///[turbopack-node]/ipc/evaluate.ts:92:23)]

Import trace:
  Client Component Browser:
    ./app/globals.css [Client Component Browser]
    ./app/layout.tsx [Server Component] @ http://localhost:3000/_next/static/chunks/node_modules_next_dist_f3530cac._.js:3127
[  779458ms] [ERROR] ./app/globals.css
Error evaluating Node.js code
CssSyntaxError: tailwindcss: D:\GithubProjects\BitStat\frontend\bitstat\app\globals.css:1:1: Cannot apply unknown utility class `animate-marquee`
    [at Input.error (turbopack:///[project]/node_modules/postcss/lib/input.js:135:16)]
    [at Root.error (turbopack:///[project]/node_modules/postcss/lib/node.js:146:32)]
    [at Object.Once (D:\GithubProjects\BitStat\frontend\bitstat\node_modules\@tailwindcss\postcss\dist\index.js:10:6913)]
    [at async LazyResult.runAsync (turbopack:///[project]/node_modules/postcss/lib/lazy-result.js:293:11)]
    [at async transform (turbopack:///[turbopack-node]/transforms/postcss.ts:70:34)]
    [at async run (turbopack:///[turbopack-node]/ipc/evaluate.ts:92:23)]

Import trace:
  Client Component Browser:
    ./app/globals.css [Client Component Browser]
    ./app/layout.tsx [Server Component] @ http://localhost:3000/_next/static/chunks/node_modules_next_dist_f3530cac._.js:3127
[  787728ms] [ERROR] ./app/globals.css
Error evaluating Node.js code
CssSyntaxError: tailwindcss: D:\GithubProjects\BitStat\frontend\bitstat\app\globals.css:1:1: Cannot apply unknown utility class `animate-marquee`
    [at Input.error (turbopack:///[project]/node_modules/postcss/lib/input.js:135:16)]
    [at Root.error (turbopack:///[project]/node_modules/postcss/lib/node.js:146:32)]
    [at Object.Once (D:\GithubProjects\BitStat\frontend\bitstat\node_modules\@tailwindcss\postcss\dist\index.js:10:6913)]
    [at async LazyResult.runAsync (turbopack:///[project]/node_modules/postcss/lib/lazy-result.js:293:11)]
    [at async transform (turbopack:///[turbopack-node]/transforms/postcss.ts:70:34)]
    [at async run (turbopack:///[turbopack-node]/ipc/evaluate.ts:92:23)]

Import trace:
  Client Component Browser:
    ./app/globals.css [Client Component Browser]
    ./app/layout.tsx [Server Component] @ http://localhost:3000/_next/static/chunks/node_modules_next_dist_f3530cac._.js:3127
[  806398ms] [ERROR] ./app/globals.css
Error evaluating Node.js code
CssSyntaxError: tailwindcss: D:\GithubProjects\BitStat\frontend\bitstat\app\globals.css:1:1: Cannot apply unknown utility class `animate-marquee`
    [at Input.error (turbopack:///[project]/node_modules/postcss/lib/input.js:135:16)]
    [at Root.error (turbopack:///[project]/node_modules/postcss/lib/node.js:146:32)]
    [at Object.Once (D:\GithubProjects\BitStat\frontend\bitstat\node_modules\@tailwindcss\postcss\dist\index.js:10:6913)]
    [at async LazyResult.runAsync (turbopack:///[project]/node_modules/postcss/lib/lazy-result.js:293:11)]
    [at async transform (turbopack:///[turbopack-node]/transforms/postcss.ts:70:34)]
    [at async run (turbopack:///[turbopack-node]/ipc/evaluate.ts:92:23)]

Import trace:
  Client Component Browser:
    ./app/globals.css [Client Component Browser]
    ./app/layout.tsx [Server Component] @ http://localhost:3000/_next/static/chunks/node_modules_next_dist_f3530cac._.js:3127
[  840916ms] [ERROR] ./app/globals.css
Error evaluating Node.js code
CssSyntaxError: tailwindcss: D:\GithubProjects\BitStat\frontend\bitstat\app\globals.css:1:1: Cannot apply unknown utility class `animate-marquee`
    [at Input.error (turbopack:///[project]/node_modules/postcss/lib/input.js:135:16)]
    [at Root.error (turbopack:///[project]/node_modules/postcss/lib/node.js:146:32)]
    [at Object.Once (D:\GithubProjects\BitStat\frontend\bitstat\node_modules\@tailwindcss\postcss\dist\index.js:10:6913)]
    [at async LazyResult.runAsync (turbopack:///[project]/node_modules/postcss/lib/lazy-result.js:293:11)]
    [at async transform (turbopack:///[turbopack-node]/transforms/postcss.ts:70:34)]
    [at async run (turbopack:///[turbopack-node]/ipc/evaluate.ts:92:23)]

Import trace:
  Client Component Browser:
    ./app/globals.css [Client Component Browser]
    ./app/layout.tsx [Server Component] @ http://localhost:3000/_next/static/chunks/node_modules_next_dist_f3530cac._.js:3127
[  859795ms] [ERROR] ./app/globals.css
Error evaluating Node.js code
CssSyntaxError: tailwindcss: D:\GithubProjects\BitStat\frontend\bitstat\app\globals.css:1:1: Cannot apply unknown utility class `animate-marquee`
    [at Input.error (turbopack:///[project]/node_modules/postcss/lib/input.js:135:16)]
    [at Root.error (turbopack:///[project]/node_modules/postcss/lib/node.js:146:32)]
    [at Object.Once (D:\GithubProjects\BitStat\frontend\bitstat\node_modules\@tailwindcss\postcss\dist\index.js:10:6913)]
    [at async LazyResult.runAsync (turbopack:///[project]/node_modules/postcss/lib/lazy-result.js:293:11)]
    [at async transform (turbopack:///[turbopack-node]/transforms/postcss.ts:70:34)]
    [at async run (turbopack:///[turbopack-node]/ipc/evaluate.ts:92:23)]

Import trace:
  Client Component Browser:
    ./app/globals.css [Client Component Browser]
    ./app/layout.tsx [Server Component] @ http://localhost:3000/_next/static/chunks/node_modules_next_dist_f3530cac._.js:3127
[  860245ms] [ERROR] ./app/globals.css
Error evaluating Node.js code
CssSyntaxError: tailwindcss: D:\GithubProjects\BitStat\frontend\bitstat\app\globals.css:1:1: Cannot apply unknown utility class `animate-marquee`
    [at Input.error (turbopack:///[project]/node_modules/postcss/lib/input.js:135:16)]
    [at Root.error (turbopack:///[project]/node_modules/postcss/lib/node.js:146:32)]
    [at Object.Once (D:\GithubProjects\BitStat\frontend\bitstat\node_modules\@tailwindcss\postcss\dist\index.js:10:6913)]
    [at async LazyResult.runAsync (turbopack:///[project]/node_modules/postcss/lib/lazy-result.js:293:11)]
    [at async transform (turbopack:///[turbopack-node]/transforms/postcss.ts:70:34)]
    [at async run (turbopack:///[turbopack-node]/ipc/evaluate.ts:92:23)]

Import trace:
  Client Component Browser:
    ./app/globals.css [Client Component Browser]
    ./app/layout.tsx [Server Component] @ http://localhost:3000/_next/static/chunks/node_modules_next_dist_f3530cac._.js:3127
[  860679ms] [ERROR] ./app/globals.css
Error evaluating Node.js code
CssSyntaxError: tailwindcss: D:\GithubProjects\BitStat\frontend\bitstat\app\globals.css:1:1: Cannot apply unknown utility class `animate-marquee`
    [at Input.error (turbopack:///[project]/node_modules/postcss/lib/input.js:135:16)]
    [at Root.error (turbopack:///[project]/node_modules/postcss/lib/node.js:146:32)]
    [at Object.Once (D:\GithubProjects\BitStat\frontend\bitstat\node_modules\@tailwindcss\postcss\dist\index.js:10:6913)]
    [at async LazyResult.runAsync (turbopack:///[project]/node_modules/postcss/lib/lazy-result.js:293:11)]
    [at async transform (turbopack:///[turbopack-node]/transforms/postcss.ts:70:34)]
    [at async run (turbopack:///[turbopack-node]/ipc/evaluate.ts:92:23)]

Import trace:
  Client Component Browser:
    ./app/globals.css [Client Component Browser]
    ./app/layout.tsx [Server Component] @ http://localhost:3000/_next/static/chunks/node_modules_next_dist_f3530cac._.js:3127
[  862079ms] [ERROR] ./app/globals.css
Error evaluating Node.js code
CssSyntaxError: tailwindcss: D:\GithubProjects\BitStat\frontend\bitstat\app\globals.css:1:1: Cannot apply unknown utility class `animate-marquee`
    [at Input.error (turbopack:///[project]/node_modules/postcss/lib/input.js:135:16)]
    [at Root.error (turbopack:///[project]/node_modules/postcss/lib/node.js:146:32)]
    [at Object.Once (D:\GithubProjects\BitStat\frontend\bitstat\node_modules\@tailwindcss\postcss\dist\index.js:10:6913)]
    [at async LazyResult.runAsync (turbopack:///[project]/node_modules/postcss/lib/lazy-result.js:293:11)]
    [at async transform (turbopack:///[turbopack-node]/transforms/postcss.ts:70:34)]
    [at async run (turbopack:///[turbopack-node]/ipc/evaluate.ts:92:23)]

Import trace:
  Client Component Browser:
    ./app/globals.css [Client Component Browser]
    ./app/layout.tsx [Server Component] @ http://localhost:3000/_next/static/chunks/node_modules_next_dist_f3530cac._.js:3127
[  863091ms] [ERROR] ./app/globals.css
Error evaluating Node.js code
CssSyntaxError: tailwindcss: D:\GithubProjects\BitStat\frontend\bitstat\app\globals.css:1:1: Cannot apply unknown utility class `animate-marquee`
    [at Input.error (turbopack:///[project]/node_modules/postcss/lib/input.js:135:16)]
    [at Root.error (turbopack:///[project]/node_modules/postcss/lib/node.js:146:32)]
    [at Object.Once (D:\GithubProjects\BitStat\frontend\bitstat\node_modules\@tailwindcss\postcss\dist\index.js:10:6913)]
    [at async LazyResult.runAsync (turbopack:///[project]/node_modules/postcss/lib/lazy-result.js:293:11)]
    [at async transform (turbopack:///[turbopack-node]/transforms/postcss.ts:70:34)]
    [at async run (turbopack:///[turbopack-node]/ipc/evaluate.ts:92:23)]

Import trace:
  Client Component Browser:
    ./app/globals.css [Client Component Browser]
    ./app/layout.tsx [Server Component] @ http://localhost:3000/_next/static/chunks/node_modules_next_dist_f3530cac._.js:3127
[ 2010008ms] [ERROR] ./app/globals.css
Error evaluating Node.js code
CssSyntaxError: D:\GithubProjects\BitStat\frontend\bitstat\app\globals.css:112:1: Unexpected }
    [at Input.error (turbopack:///[project]/node_modules/postcss/lib/input.js:135:16)]
    [at Parser.unexpectedClose (turbopack:///[project]/node_modules/postcss/lib/parser.js:587:22)]
    [at Parser.end (turbopack:///[project]/node_modules/postcss/lib/parser.js:330:12)]
    [at Parser.parse (turbopack:///[project]/node_modules/postcss/lib/parser.js:456:16)]
    [at parse (turbopack:///[project]/node_modules/postcss/lib/parse.js:11:12)]
    [at new LazyResult (turbopack:///[project]/node_modules/postcss/lib/lazy-result.js:165:16)]
    [at Processor.process (turbopack:///[project]/node_modules/postcss/lib/processor.js:53:14)]
    [at transform (turbopack:///[turbopack-node]/transforms/postcss.ts:70:51)]
    [at run (turbopack:///[turbopack-node]/ipc/evaluate.ts:92:29)]
    [at run (turbopack:///[turbopack-node]/ipc/evaluate.ts:115:11)]

Import trace:
  Client Component Browser:
    ./app/globals.css [Client Component Browser]
    ./app/layout.tsx [Server Component] @ http://localhost:3000/_next/static/chunks/node_modules_next_dist_f3530cac._.js:3127
[ 2018280ms] [ERROR] ./app/globals.css
Error evaluating Node.js code
CssSyntaxError: D:\GithubProjects\BitStat\frontend\bitstat\app\globals.css:112:1: Unexpected }
    [at Input.error (turbopack:///[project]/node_modules/postcss/lib/input.js:135:16)]
    [at Parser.unexpectedClose (turbopack:///[project]/node_modules/postcss/lib/parser.js:587:22)]
    [at Parser.end (turbopack:///[project]/node_modules/postcss/lib/parser.js:330:12)]
    [at Parser.parse (turbopack:///[project]/node_modules/postcss/lib/parser.js:456:16)]
    [at parse (turbopack:///[project]/node_modules/postcss/lib/parse.js:11:12)]
    [at new LazyResult (turbopack:///[project]/node_modules/postcss/lib/lazy-result.js:165:16)]
    [at Processor.process (turbopack:///[project]/node_modules/postcss/lib/processor.js:53:14)]
    [at transform (turbopack:///[turbopack-node]/transforms/postcss.ts:70:51)]
    [at run (turbopack:///[turbopack-node]/ipc/evaluate.ts:92:29)]
    [at run (turbopack:///[turbopack-node]/ipc/evaluate.ts:115:11)]

Import trace:
  Client Component Browser:
    ./app/globals.css [Client Component Browser]
    ./app/layout.tsx [Server Component] @ http://localhost:3000/_next/static/chunks/node_modules_next_dist_f3530cac._.js:3127
[ 2034294ms] [ERROR] ./app/globals.css
Error evaluating Node.js code
CssSyntaxError: D:\GithubProjects\BitStat\frontend\bitstat\app\globals.css:112:1: Unexpected }
    [at Input.error (turbopack:///[project]/node_modules/postcss/lib/input.js:135:16)]
    [at Parser.unexpectedClose (turbopack:///[project]/node_modules/postcss/lib/parser.js:587:22)]
    [at Parser.end (turbopack:///[project]/node_modules/postcss/lib/parser.js:330:12)]
    [at Parser.parse (turbopack:///[project]/node_modules/postcss/lib/parser.js:456:16)]
    [at parse (turbopack:///[project]/node_modules/postcss/lib/parse.js:11:12)]
    [at new LazyResult (turbopack:///[project]/node_modules/postcss/lib/lazy-result.js:165:16)]
    [at Processor.process (turbopack:///[project]/node_modules/postcss/lib/processor.js:53:14)]
    [at transform (turbopack:///[turbopack-node]/transforms/postcss.ts:70:51)]
    [at run (turbopack:///[turbopack-node]/ipc/evaluate.ts:92:29)]
    [at run (turbopack:///[turbopack-node]/ipc/evaluate.ts:115:11)]

Import trace:
  Client Component Browser:
    ./app/globals.css [Client Component Browser]
    ./app/layout.tsx [Server Component] @ http://localhost:3000/_next/static/chunks/node_modules_next_dist_f3530cac._.js:3127
[ 2053676ms] [ERROR] ./app/globals.css
Error evaluating Node.js code
CssSyntaxError: D:\GithubProjects\BitStat\frontend\bitstat\app\globals.css:112:1: Unexpected }
    [at Input.error (turbopack:///[project]/node_modules/postcss/lib/input.js:135:16)]
    [at Parser.unexpectedClose (turbopack:///[project]/node_modules/postcss/lib/parser.js:587:22)]
    [at Parser.end (turbopack:///[project]/node_modules/postcss/lib/parser.js:330:12)]
    [at Parser.parse (turbopack:///[project]/node_modules/postcss/lib/parser.js:456:16)]
    [at parse (turbopack:///[project]/node_modules/postcss/lib/parse.js:11:12)]
    [at new LazyResult (turbopack:///[project]/node_modules/postcss/lib/lazy-result.js:165:16)]
    [at Processor.process (turbopack:///[project]/node_modules/postcss/lib/processor.js:53:14)]
    [at transform (turbopack:///[turbopack-node]/transforms/postcss.ts:70:51)]
    [at run (turbopack:///[turbopack-node]/ipc/evaluate.ts:92:29)]
    [at run (turbopack:///[turbopack-node]/ipc/evaluate.ts:115:11)]

Import trace:
  Client Component Browser:
    ./app/globals.css [Client Component Browser]
    ./app/layout.tsx [Server Component] @ http://localhost:3000/_next/static/chunks/node_modules_next_dist_f3530cac._.js:3127
[ 2074034ms] [ERROR] ./app/globals.css
Error evaluating Node.js code
CssSyntaxError: D:\GithubProjects\BitStat\frontend\bitstat\app\globals.css:112:1: Unexpected }
    [at Input.error (turbopack:///[project]/node_modules/postcss/lib/input.js:135:16)]
    [at Parser.unexpectedClose (turbopack:///[project]/node_modules/postcss/lib/parser.js:587:22)]
    [at Parser.end (turbopack:///[project]/node_modules/postcss/lib/parser.js:330:12)]
    [at Parser.parse (turbopack:///[project]/node_modules/postcss/lib/parser.js:456:16)]
    [at parse (turbopack:///[project]/node_modules/postcss/lib/parse.js:11:12)]
    [at new LazyResult (turbopack:///[project]/node_modules/postcss/lib/lazy-result.js:165:16)]
    [at Processor.process (turbopack:///[project]/node_modules/postcss/lib/processor.js:53:14)]
    [at transform (turbopack:///[turbopack-node]/transforms/postcss.ts:70:51)]
    [at run (turbopack:///[turbopack-node]/ipc/evaluate.ts:92:29)]
    [at run (turbopack:///[turbopack-node]/ipc/evaluate.ts:115:11)]

Import trace:
  Client Component Browser:
    ./app/globals.css [Client Component Browser]
    ./app/layout.tsx [Server Component] @ http://localhost:3000/_next/static/chunks/node_modules_next_dist_f3530cac._.js:3127
[ 2103239ms] [ERROR] ./app/globals.css
Error evaluating Node.js code
CssSyntaxError: D:\GithubProjects\BitStat\frontend\bitstat\app\globals.css:112:1: Unexpected }
    [at Input.error (turbopack:///[project]/node_modules/postcss/lib/input.js:135:16)]
    [at Parser.unexpectedClose (turbopack:///[project]/node_modules/postcss/lib/parser.js:587:22)]
    [at Parser.end (turbopack:///[project]/node_modules/postcss/lib/parser.js:330:12)]
    [at Parser.parse (turbopack:///[project]/node_modules/postcss/lib/parser.js:456:16)]
    [at parse (turbopack:///[project]/node_modules/postcss/lib/parse.js:11:12)]
    [at new LazyResult (turbopack:///[project]/node_modules/postcss/lib/lazy-result.js:165:16)]
    [at Processor.process (turbopack:///[project]/node_modules/postcss/lib/processor.js:53:14)]
    [at transform (turbopack:///[turbopack-node]/transforms/postcss.ts:70:51)]
    [at run (turbopack:///[turbopack-node]/ipc/evaluate.ts:92:29)]
    [at run (turbopack:///[turbopack-node]/ipc/evaluate.ts:115:11)]

Import trace:
  Client Component Browser:
    ./app/globals.css [Client Component Browser]
    ./app/layout.tsx [Server Component] @ http://localhost:3000/_next/static/chunks/node_modules_next_dist_f3530cac._.js:3127
[ 2114320ms] [ERROR] ./app/globals.css
Error evaluating Node.js code
CssSyntaxError: D:\GithubProjects\BitStat\frontend\bitstat\app\globals.css:112:1: Unexpected }
    [at Input.error (turbopack:///[project]/node_modules/postcss/lib/input.js:135:16)]
    [at Parser.unexpectedClose (turbopack:///[project]/node_modules/postcss/lib/parser.js:587:22)]
    [at Parser.end (turbopack:///[project]/node_modules/postcss/lib/parser.js:330:12)]
    [at Parser.parse (turbopack:///[project]/node_modules/postcss/lib/parser.js:456:16)]
    [at parse (turbopack:///[project]/node_modules/postcss/lib/parse.js:11:12)]
    [at new LazyResult (turbopack:///[project]/node_modules/postcss/lib/lazy-result.js:165:16)]
    [at Processor.process (turbopack:///[project]/node_modules/postcss/lib/processor.js:53:14)]
    [at transform (turbopack:///[turbopack-node]/transforms/postcss.ts:70:51)]
    [at run (turbopack:///[turbopack-node]/ipc/evaluate.ts:92:29)]
    [at run (turbopack:///[turbopack-node]/ipc/evaluate.ts:115:11)]

Import trace:
  Client Component Browser:
    ./app/globals.css [Client Component Browser]
    ./app/layout.tsx [Server Component] @ http://localhost:3000/_next/static/chunks/node_modules_next_dist_f3530cac._.js:3127
[ 2123396ms] [ERROR] ./app/globals.css
Error evaluating Node.js code
CssSyntaxError: D:\GithubProjects\BitStat\frontend\bitstat\app\globals.css:112:1: Unexpected }
    [at Input.error (turbopack:///[project]/node_modules/postcss/lib/input.js:135:16)]
    [at Parser.unexpectedClose (turbopack:///[project]/node_modules/postcss/lib/parser.js:587:22)]
    [at Parser.end (turbopack:///[project]/node_modules/postcss/lib/parser.js:330:12)]
    [at Parser.parse (turbopack:///[project]/node_modules/postcss/lib/parser.js:456:16)]
    [at parse (turbopack:///[project]/node_modules/postcss/lib/parse.js:11:12)]
    [at new LazyResult (turbopack:///[project]/node_modules/postcss/lib/lazy-result.js:165:16)]
    [at Processor.process (turbopack:///[project]/node_modules/postcss/lib/processor.js:53:14)]
    [at transform (turbopack:///[turbopack-node]/transforms/postcss.ts:70:51)]
    [at run (turbopack:///[turbopack-node]/ipc/evaluate.ts:92:29)]
    [at run (turbopack:///[turbopack-node]/ipc/evaluate.ts:115:11)]

Import trace:
  Client Component Browser:
    ./app/globals.css [Client Component Browser]
    ./app/layout.tsx [Server Component] @ http://localhost:3000/_next/static/chunks/node_modules_next_dist_f3530cac._.js:3127
[ 2137790ms] [ERROR] ./app/globals.css
Error evaluating Node.js code
CssSyntaxError: D:\GithubProjects\BitStat\frontend\bitstat\app\globals.css:112:1: Unexpected }
    [at Input.error (turbopack:///[project]/node_modules/postcss/lib/input.js:135:16)]
    [at Parser.unexpectedClose (turbopack:///[project]/node_modules/postcss/lib/parser.js:587:22)]
    [at Parser.end (turbopack:///[project]/node_modules/postcss/lib/parser.js:330:12)]
    [at Parser.parse (turbopack:///[project]/node_modules/postcss/lib/parser.js:456:16)]
    [at parse (turbopack:///[project]/node_modules/postcss/lib/parse.js:11:12)]
    [at new LazyResult (turbopack:///[project]/node_modules/postcss/lib/lazy-result.js:165:16)]
    [at Processor.process (turbopack:///[project]/node_modules/postcss/lib/processor.js:53:14)]
    [at transform (turbopack:///[turbopack-node]/transforms/postcss.ts:70:51)]
    [at run (turbopack:///[turbopack-node]/ipc/evaluate.ts:92:29)]
    [at run (turbopack:///[turbopack-node]/ipc/evaluate.ts:115:11)]

Import trace:
  Client Component Browser:
    ./app/globals.css [Client Component Browser]
    ./app/layout.tsx [Server Component] @ http://localhost:3000/_next/static/chunks/node_modules_next_dist_f3530cac._.js:3127
[ 2148771ms] [ERROR] ./app/globals.css
Error evaluating Node.js code
CssSyntaxError: D:\GithubProjects\BitStat\frontend\bitstat\app\globals.css:112:1: Unexpected }
    [at Input.error (turbopack:///[project]/node_modules/postcss/lib/input.js:135:16)]
    [at Parser.unexpectedClose (turbopack:///[project]/node_modules/postcss/lib/parser.js:587:22)]
    [at Parser.end (turbopack:///[project]/node_modules/postcss/lib/parser.js:330:12)]
    [at Parser.parse (turbopack:///[project]/node_modules/postcss/lib/parser.js:456:16)]
    [at parse (turbopack:///[project]/node_modules/postcss/lib/parse.js:11:12)]
    [at new LazyResult (turbopack:///[project]/node_modules/postcss/lib/lazy-result.js:165:16)]
    [at Processor.process (turbopack:///[project]/node_modules/postcss/lib/processor.js:53:14)]
    [at transform (turbopack:///[turbopack-node]/transforms/postcss.ts:70:51)]
    [at run (turbopack:///[turbopack-node]/ipc/evaluate.ts:92:29)]
    [at run (turbopack:///[turbopack-node]/ipc/evaluate.ts:115:11)]

Import trace:
  Client Component Browser:
    ./app/globals.css [Client Component Browser]
    ./app/layout.tsx [Server Component] @ http://localhost:3000/_next/static/chunks/node_modules_next_dist_f3530cac._.js:3127
[ 2160526ms] [ERROR] ./app/globals.css
Error evaluating Node.js code
CssSyntaxError: D:\GithubProjects\BitStat\frontend\bitstat\app\globals.css:112:1: Unexpected }
    [at Input.error (turbopack:///[project]/node_modules/postcss/lib/input.js:135:16)]
    [at Parser.unexpectedClose (turbopack:///[project]/node_modules/postcss/lib/parser.js:587:22)]
    [at Parser.end (turbopack:///[project]/node_modules/postcss/lib/parser.js:330:12)]
    [at Parser.parse (turbopack:///[project]/node_modules/postcss/lib/parser.js:456:16)]
    [at parse (turbopack:///[project]/node_modules/postcss/lib/parse.js:11:12)]
    [at new LazyResult (turbopack:///[project]/node_modules/postcss/lib/lazy-result.js:165:16)]
    [at Processor.process (turbopack:///[project]/node_modules/postcss/lib/processor.js:53:14)]
    [at transform (turbopack:///[turbopack-node]/transforms/postcss.ts:70:51)]
    [at run (turbopack:///[turbopack-node]/ipc/evaluate.ts:92:29)]
    [at run (turbopack:///[turbopack-node]/ipc/evaluate.ts:115:11)]

Import trace:
  Client Component Browser:
    ./app/globals.css [Client Component Browser]
    ./app/layout.tsx [Server Component] @ http://localhost:3000/_next/static/chunks/node_modules_next_dist_f3530cac._.js:3127
[ 2188859ms] [ERROR] ./app/globals.css
Error evaluating Node.js code
CssSyntaxError: D:\GithubProjects\BitStat\frontend\bitstat\app\globals.css:112:1: Unexpected }
    [at Input.error (turbopack:///[project]/node_modules/postcss/lib/input.js:135:16)]
    [at Parser.unexpectedClose (turbopack:///[project]/node_modules/postcss/lib/parser.js:587:22)]
    [at Parser.end (turbopack:///[project]/node_modules/postcss/lib/parser.js:330:12)]
    [at Parser.parse (turbopack:///[project]/node_modules/postcss/lib/parser.js:456:16)]
    [at parse (turbopack:///[project]/node_modules/postcss/lib/parse.js:11:12)]
    [at new LazyResult (turbopack:///[project]/node_modules/postcss/lib/lazy-result.js:165:16)]
    [at Processor.process (turbopack:///[project]/node_modules/postcss/lib/processor.js:53:14)]
    [at transform (turbopack:///[turbopack-node]/transforms/postcss.ts:70:51)]
    [at run (turbopack:///[turbopack-node]/ipc/evaluate.ts:92:29)]
    [at run (turbopack:///[turbopack-node]/ipc/evaluate.ts:115:11)]

Import trace:
  Client Component Browser:
    ./app/globals.css [Client Component Browser]
    ./app/layout.tsx [Server Component] @ http://localhost:3000/_next/static/chunks/node_modules_next_dist_f3530cac._.js:3127
[ 2199487ms] [ERROR] ./app/globals.css
Error evaluating Node.js code
CssSyntaxError: D:\GithubProjects\BitStat\frontend\bitstat\app\globals.css:112:1: Unexpected }
    [at Input.error (turbopack:///[project]/node_modules/postcss/lib/input.js:135:16)]
    [at Parser.unexpectedClose (turbopack:///[project]/node_modules/postcss/lib/parser.js:587:22)]
    [at Parser.end (turbopack:///[project]/node_modules/postcss/lib/parser.js:330:12)]
    [at Parser.parse (turbopack:///[project]/node_modules/postcss/lib/parser.js:456:16)]
    [at parse (turbopack:///[project]/node_modules/postcss/lib/parse.js:11:12)]
    [at new LazyResult (turbopack:///[project]/node_modules/postcss/lib/lazy-result.js:165:16)]
    [at Processor.process (turbopack:///[project]/node_modules/postcss/lib/processor.js:53:14)]
    [at transform (turbopack:///[turbopack-node]/transforms/postcss.ts:70:51)]
    [at run (turbopack:///[turbopack-node]/ipc/evaluate.ts:92:29)]
    [at run (turbopack:///[turbopack-node]/ipc/evaluate.ts:115:11)]

Import trace:
  Client Component Browser:
    ./app/globals.css [Client Component Browser]
    ./app/layout.tsx [Server Component] @ http://localhost:3000/_next/static/chunks/node_modules_next_dist_f3530cac._.js:3127
[ 2220954ms] [ERROR] ./app/globals.css
Error evaluating Node.js code
CssSyntaxError: D:\GithubProjects\BitStat\frontend\bitstat\app\globals.css:112:1: Unexpected }
    [at Input.error (turbopack:///[project]/node_modules/postcss/lib/input.js:135:16)]
    [at Parser.unexpectedClose (turbopack:///[project]/node_modules/postcss/lib/parser.js:587:22)]
    [at Parser.end (turbopack:///[project]/node_modules/postcss/lib/parser.js:330:12)]
    [at Parser.parse (turbopack:///[project]/node_modules/postcss/lib/parser.js:456:16)]
    [at parse (turbopack:///[project]/node_modules/postcss/lib/parse.js:11:12)]
    [at new LazyResult (turbopack:///[project]/node_modules/postcss/lib/lazy-result.js:165:16)]
    [at Processor.process (turbopack:///[project]/node_modules/postcss/lib/processor.js:53:14)]
    [at transform (turbopack:///[turbopack-node]/transforms/postcss.ts:70:51)]
    [at run (turbopack:///[turbopack-node]/ipc/evaluate.ts:92:29)]
    [at run (turbopack:///[turbopack-node]/ipc/evaluate.ts:115:11)]

Import trace:
  Client Component Browser:
    ./app/globals.css [Client Component Browser]
    ./app/layout.tsx [Server Component] @ http://localhost:3000/_next/static/chunks/node_modules_next_dist_f3530cac._.js:3127
[ 2235525ms] [ERROR] ./app/globals.css
Error evaluating Node.js code
CssSyntaxError: D:\GithubProjects\BitStat\frontend\bitstat\app\globals.css:112:1: Unexpected }
    [at Input.error (turbopack:///[project]/node_modules/postcss/lib/input.js:135:16)]
    [at Parser.unexpectedClose (turbopack:///[project]/node_modules/postcss/lib/parser.js:587:22)]
    [at Parser.end (turbopack:///[project]/node_modules/postcss/lib/parser.js:330:12)]
    [at Parser.parse (turbopack:///[project]/node_modules/postcss/lib/parser.js:456:16)]
    [at parse (turbopack:///[project]/node_modules/postcss/lib/parse.js:11:12)]
    [at new LazyResult (turbopack:///[project]/node_modules/postcss/lib/lazy-result.js:165:16)]
    [at Processor.process (turbopack:///[project]/node_modules/postcss/lib/processor.js:53:14)]
    [at transform (turbopack:///[turbopack-node]/transforms/postcss.ts:70:51)]
    [at run (turbopack:///[turbopack-node]/ipc/evaluate.ts:92:29)]
    [at run (turbopack:///[turbopack-node]/ipc/evaluate.ts:115:11)]

Import trace:
  Client Component Browser:
    ./app/globals.css [Client Component Browser]
    ./app/layout.tsx [Server Component] @ http://localhost:3000/_next/static/chunks/node_modules_next_dist_f3530cac._.js:3127
[ 2251651ms] [ERROR] ./app/globals.css
Error evaluating Node.js code
CssSyntaxError: D:\GithubProjects\BitStat\frontend\bitstat\app\globals.css:112:1: Unexpected }
    [at Input.error (turbopack:///[project]/node_modules/postcss/lib/input.js:135:16)]
    [at Parser.unexpectedClose (turbopack:///[project]/node_modules/postcss/lib/parser.js:587:22)]
    [at Parser.end (turbopack:///[project]/node_modules/postcss/lib/parser.js:330:12)]
    [at Parser.parse (turbopack:///[project]/node_modules/postcss/lib/parser.js:456:16)]
    [at parse (turbopack:///[project]/node_modules/postcss/lib/parse.js:11:12)]
    [at new LazyResult (turbopack:///[project]/node_modules/postcss/lib/lazy-result.js:165:16)]
    [at Processor.process (turbopack:///[project]/node_modules/postcss/lib/processor.js:53:14)]
    [at transform (turbopack:///[turbopack-node]/transforms/postcss.ts:70:51)]
    [at run (turbopack:///[turbopack-node]/ipc/evaluate.ts:92:29)]
    [at run (turbopack:///[turbopack-node]/ipc/evaluate.ts:115:11)]

Import trace:
  Client Component Browser:
    ./app/globals.css [Client Component Browser]
    ./app/layout.tsx [Server Component] @ http://localhost:3000/_next/static/chunks/node_modules_next_dist_f3530cac._.js:3127
[ 2258159ms] [ERROR] ./app/globals.css
Error evaluating Node.js code
CssSyntaxError: D:\GithubProjects\BitStat\frontend\bitstat\app\globals.css:112:1: Unexpected }
    [at Input.error (turbopack:///[project]/node_modules/postcss/lib/input.js:135:16)]
    [at Parser.unexpectedClose (turbopack:///[project]/node_modules/postcss/lib/parser.js:587:22)]
    [at Parser.end (turbopack:///[project]/node_modules/postcss/lib/parser.js:330:12)]
    [at Parser.parse (turbopack:///[project]/node_modules/postcss/lib/parser.js:456:16)]
    [at parse (turbopack:///[project]/node_modules/postcss/lib/parse.js:11:12)]
    [at new LazyResult (turbopack:///[project]/node_modules/postcss/lib/lazy-result.js:165:16)]
    [at Processor.process (turbopack:///[project]/node_modules/postcss/lib/processor.js:53:14)]
    [at transform (turbopack:///[turbopack-node]/transforms/postcss.ts:70:51)]
    [at run (turbopack:///[turbopack-node]/ipc/evaluate.ts:92:29)]
    [at run (turbopack:///[turbopack-node]/ipc/evaluate.ts:115:11)]

Import trace:
  Client Component Browser:
    ./app/globals.css [Client Component Browser]
    ./app/layout.tsx [Server Component] @ http://localhost:3000/_next/static/chunks/node_modules_next_dist_f3530cac._.js:3127
[ 2272261ms] [ERROR] ./app/globals.css
Error evaluating Node.js code
CssSyntaxError: D:\GithubProjects\BitStat\frontend\bitstat\app\globals.css:112:1: Unexpected }
    [at Input.error (turbopack:///[project]/node_modules/postcss/lib/input.js:135:16)]
    [at Parser.unexpectedClose (turbopack:///[project]/node_modules/postcss/lib/parser.js:587:22)]
    [at Parser.end (turbopack:///[project]/node_modules/postcss/lib/parser.js:330:12)]
    [at Parser.parse (turbopack:///[project]/node_modules/postcss/lib/parser.js:456:16)]
    [at parse (turbopack:///[project]/node_modules/postcss/lib/parse.js:11:12)]
    [at new LazyResult (turbopack:///[project]/node_modules/postcss/lib/lazy-result.js:165:16)]
    [at Processor.process (turbopack:///[project]/node_modules/postcss/lib/processor.js:53:14)]
    [at transform (turbopack:///[turbopack-node]/transforms/postcss.ts:70:51)]
    [at run (turbopack:///[turbopack-node]/ipc/evaluate.ts:92:29)]
    [at run (turbopack:///[turbopack-node]/ipc/evaluate.ts:115:11)]

Import trace:
  Client Component Browser:
    ./app/globals.css [Client Component Browser]
    ./app/layout.tsx [Server Component] @ http://localhost:3000/_next/static/chunks/node_modules_next_dist_f3530cac._.js:3127
[ 2294656ms] [ERROR] ./app/globals.css
Error evaluating Node.js code
CssSyntaxError: D:\GithubProjects\BitStat\frontend\bitstat\app\globals.css:112:1: Unexpected }
    [at Input.error (turbopack:///[project]/node_modules/postcss/lib/input.js:135:16)]
    [at Parser.unexpectedClose (turbopack:///[project]/node_modules/postcss/lib/parser.js:587:22)]
    [at Parser.end (turbopack:///[project]/node_modules/postcss/lib/parser.js:330:12)]
    [at Parser.parse (turbopack:///[project]/node_modules/postcss/lib/parser.js:456:16)]
    [at parse (turbopack:///[project]/node_modules/postcss/lib/parse.js:11:12)]
    [at new LazyResult (turbopack:///[project]/node_modules/postcss/lib/lazy-result.js:165:16)]
    [at Processor.process (turbopack:///[project]/node_modules/postcss/lib/processor.js:53:14)]
    [at transform (turbopack:///[turbopack-node]/transforms/postcss.ts:70:51)]
    [at run (turbopack:///[turbopack-node]/ipc/evaluate.ts:92:29)]
    [at run (turbopack:///[turbopack-node]/ipc/evaluate.ts:115:11)]

Import trace:
  Client Component Browser:
    ./app/globals.css [Client Component Browser]
    ./app/layout.tsx [Server Component] @ http://localhost:3000/_next/static/chunks/node_modules_next_dist_f3530cac._.js:3127
[ 2306746ms] [ERROR] ./app/globals.css
Error evaluating Node.js code
CssSyntaxError: D:\GithubProjects\BitStat\frontend\bitstat\app\globals.css:112:1: Unexpected }
    [at Input.error (turbopack:///[project]/node_modules/postcss/lib/input.js:135:16)]
    [at Parser.unexpectedClose (turbopack:///[project]/node_modules/postcss/lib/parser.js:587:22)]
    [at Parser.end (turbopack:///[project]/node_modules/postcss/lib/parser.js:330:12)]
    [at Parser.parse (turbopack:///[project]/node_modules/postcss/lib/parser.js:456:16)]
    [at parse (turbopack:///[project]/node_modules/postcss/lib/parse.js:11:12)]
    [at new LazyResult (turbopack:///[project]/node_modules/postcss/lib/lazy-result.js:165:16)]
    [at Processor.process (turbopack:///[project]/node_modules/postcss/lib/processor.js:53:14)]
    [at transform (turbopack:///[turbopack-node]/transforms/postcss.ts:70:51)]
    [at run (turbopack:///[turbopack-node]/ipc/evaluate.ts:92:29)]
    [at run (turbopack:///[turbopack-node]/ipc/evaluate.ts:115:11)]

Import trace:
  Client Component Browser:
    ./app/globals.css [Client Component Browser]
    ./app/layout.tsx [Server Component] @ http://localhost:3000/_next/static/chunks/node_modules_next_dist_f3530cac._.js:3127
[ 2325494ms] [ERROR] ./app/globals.css
Error evaluating Node.js code
CssSyntaxError: D:\GithubProjects\BitStat\frontend\bitstat\app\globals.css:112:1: Unexpected }
    [at Input.error (turbopack:///[project]/node_modules/postcss/lib/input.js:135:16)]
    [at Parser.unexpectedClose (turbopack:///[project]/node_modules/postcss/lib/parser.js:587:22)]
    [at Parser.end (turbopack:///[project]/node_modules/postcss/lib/parser.js:330:12)]
    [at Parser.parse (turbopack:///[project]/node_modules/postcss/lib/parser.js:456:16)]
    [at parse (turbopack:///[project]/node_modules/postcss/lib/parse.js:11:12)]
    [at new LazyResult (turbopack:///[project]/node_modules/postcss/lib/lazy-result.js:165:16)]
    [at Processor.process (turbopack:///[project]/node_modules/postcss/lib/processor.js:53:14)]
    [at transform (turbopack:///[turbopack-node]/transforms/postcss.ts:70:51)]
    [at run (turbopack:///[turbopack-node]/ipc/evaluate.ts:92:29)]
    [at run (turbopack:///[turbopack-node]/ipc/evaluate.ts:115:11)]

Import trace:
  Client Component Browser:
    ./app/globals.css [Client Component Browser]
    ./app/layout.tsx [Server Component] @ http://localhost:3000/_next/static/chunks/node_modules_next_dist_f3530cac._.js:3127
[ 2345069ms] [ERROR] ./app/globals.css
Error evaluating Node.js code
CssSyntaxError: D:\GithubProjects\BitStat\frontend\bitstat\app\globals.css:112:1: Unexpected }
    [at Input.error (turbopack:///[project]/node_modules/postcss/lib/input.js:135:16)]
    [at Parser.unexpectedClose (turbopack:///[project]/node_modules/postcss/lib/parser.js:587:22)]
    [at Parser.end (turbopack:///[project]/node_modules/postcss/lib/parser.js:330:12)]
    [at Parser.parse (turbopack:///[project]/node_modules/postcss/lib/parser.js:456:16)]
    [at parse (turbopack:///[project]/node_modules/postcss/lib/parse.js:11:12)]
    [at new LazyResult (turbopack:///[project]/node_modules/postcss/lib/lazy-result.js:165:16)]
    [at Processor.process (turbopack:///[project]/node_modules/postcss/lib/processor.js:53:14)]
    [at transform (turbopack:///[turbopack-node]/transforms/postcss.ts:70:51)]
    [at run (turbopack:///[turbopack-node]/ipc/evaluate.ts:92:29)]
    [at run (turbopack:///[turbopack-node]/ipc/evaluate.ts:115:11)]

Import trace:
  Client Component Browser:
    ./app/globals.css [Client Component Browser]
    ./app/layout.tsx [Server Component] @ http://localhost:3000/_next/static/chunks/node_modules_next_dist_f3530cac._.js:3127
[ 2345519ms] [ERROR] ./app/globals.css
Error evaluating Node.js code
CssSyntaxError: D:\GithubProjects\BitStat\frontend\bitstat\app\globals.css:112:1: Unexpected }
    [at Input.error (turbopack:///[project]/node_modules/postcss/lib/input.js:135:16)]
    [at Parser.unexpectedClose (turbopack:///[project]/node_modules/postcss/lib/parser.js:587:22)]
    [at Parser.end (turbopack:///[project]/node_modules/postcss/lib/parser.js:330:12)]
    [at Parser.parse (turbopack:///[project]/node_modules/postcss/lib/parser.js:456:16)]
    [at parse (turbopack:///[project]/node_modules/postcss/lib/parse.js:11:12)]
    [at new LazyResult (turbopack:///[project]/node_modules/postcss/lib/lazy-result.js:165:16)]
    [at Processor.process (turbopack:///[project]/node_modules/postcss/lib/processor.js:53:14)]
    [at transform (turbopack:///[turbopack-node]/transforms/postcss.ts:70:51)]
    [at run (turbopack:///[turbopack-node]/ipc/evaluate.ts:92:29)]
    [at run (turbopack:///[turbopack-node]/ipc/evaluate.ts:115:11)]

Import trace:
  Client Component Browser:
    ./app/globals.css [Client Component Browser]
    ./app/layout.tsx [Server Component] @ http://localhost:3000/_next/static/chunks/node_modules_next_dist_f3530cac._.js:3127
[ 2345770ms] [ERROR] ./app/globals.css
Error evaluating Node.js code
CssSyntaxError: D:\GithubProjects\BitStat\frontend\bitstat\app\globals.css:112:1: Unexpected }
    [at Input.error (turbopack:///[project]/node_modules/postcss/lib/input.js:135:16)]
    [at Parser.unexpectedClose (turbopack:///[project]/node_modules/postcss/lib/parser.js:587:22)]
    [at Parser.end (turbopack:///[project]/node_modules/postcss/lib/parser.js:330:12)]
    [at Parser.parse (turbopack:///[project]/node_modules/postcss/lib/parser.js:456:16)]
    [at parse (turbopack:///[project]/node_modules/postcss/lib/parse.js:11:12)]
    [at new LazyResult (turbopack:///[project]/node_modules/postcss/lib/lazy-result.js:165:16)]
    [at Processor.process (turbopack:///[project]/node_modules/postcss/lib/processor.js:53:14)]
    [at transform (turbopack:///[turbopack-node]/transforms/postcss.ts:70:51)]
    [at run (turbopack:///[turbopack-node]/ipc/evaluate.ts:92:29)]
    [at run (turbopack:///[turbopack-node]/ipc/evaluate.ts:115:11)]

Import trace:
  Client Component Browser:
    ./app/globals.css [Client Component Browser]
    ./app/layout.tsx [Server Component] @ http://localhost:3000/_next/static/chunks/node_modules_next_dist_f3530cac._.js:3127
[ 2346609ms] [ERROR] ./app/globals.css
Error evaluating Node.js code
CssSyntaxError: D:\GithubProjects\BitStat\frontend\bitstat\app\globals.css:112:1: Unexpected }
    [at Input.error (turbopack:///[project]/node_modules/postcss/lib/input.js:135:16)]
    [at Parser.unexpectedClose (turbopack:///[project]/node_modules/postcss/lib/parser.js:587:22)]
    [at Parser.end (turbopack:///[project]/node_modules/postcss/lib/parser.js:330:12)]
    [at Parser.parse (turbopack:///[project]/node_modules/postcss/lib/parser.js:456:16)]
    [at parse (turbopack:///[project]/node_modules/postcss/lib/parse.js:11:12)]
    [at new LazyResult (turbopack:///[project]/node_modules/postcss/lib/lazy-result.js:165:16)]
    [at Processor.process (turbopack:///[project]/node_modules/postcss/lib/processor.js:53:14)]
    [at transform (turbopack:///[turbopack-node]/transforms/postcss.ts:70:51)]
    [at run (turbopack:///[turbopack-node]/ipc/evaluate.ts:92:29)]
    [at run (turbopack:///[turbopack-node]/ipc/evaluate.ts:115:11)]

Import trace:
  Client Component Browser:
    ./app/globals.css [Client Component Browser]
    ./app/layout.tsx [Server Component] @ http://localhost:3000/_next/static/chunks/node_modules_next_dist_f3530cac._.js:3127
[ 2347645ms] [ERROR] ./app/globals.css
Error evaluating Node.js code
CssSyntaxError: D:\GithubProjects\BitStat\frontend\bitstat\app\globals.css:112:1: Unexpected }
    [at Input.error (turbopack:///[project]/node_modules/postcss/lib/input.js:135:16)]
    [at Parser.unexpectedClose (turbopack:///[project]/node_modules/postcss/lib/parser.js:587:22)]
    [at Parser.end (turbopack:///[project]/node_modules/postcss/lib/parser.js:330:12)]
    [at Parser.parse (turbopack:///[project]/node_modules/postcss/lib/parser.js:456:16)]
    [at parse (turbopack:///[project]/node_modules/postcss/lib/parse.js:11:12)]
    [at new LazyResult (turbopack:///[project]/node_modules/postcss/lib/lazy-result.js:165:16)]
    [at Processor.process (turbopack:///[project]/node_modules/postcss/lib/processor.js:53:14)]
    [at transform (turbopack:///[turbopack-node]/transforms/postcss.ts:70:51)]
    [at run (turbopack:///[turbopack-node]/ipc/evaluate.ts:92:29)]
    [at run (turbopack:///[turbopack-node]/ipc/evaluate.ts:115:11)]

Import trace:
  Client Component Browser:
    ./app/globals.css [Client Component Browser]
    ./app/layout.tsx [Server Component] @ http://localhost:3000/_next/static/chunks/node_modules_next_dist_f3530cac._.js:3127
[ 2359104ms] Error: No link element found for chunk /_next/static/chunks/app_globals_71f961d1.css
    at http://localhost:3000/_next/static/chunks/turbopack-_23a915ee._.js:1801:28
    at new Promise (<anonymous>)
    at Object.reloadChunk (http://localhost:3000/_next/static/chunks/turbopack-_23a915ee._.js:1793:20)
    at applyChunkListUpdate (http://localhost:3000/_next/static/chunks/turbopack-_23a915ee._.js:1174:46)
    at applyUpdate (http://localhost:3000/_next/static/chunks/turbopack-_23a915ee._.js:1148:13)
    at handleApply (http://localhost:3000/_next/static/chunks/turbopack-_23a915ee._.js:1368:17)
    at triggerUpdate (http://localhost:3000/_next/static/chunks/%5Bturbopack%5D_browser_dev_hmr-client_hmr-client_ts_c8c997ce._.js:452:9)
    at applyAggregatedUpdates (http://localhost:3000/_next/static/chunks/%5Bturbopack%5D_browser_dev_hmr-client_hmr-client_ts_c8c997ce._.js:98:9)
    at http://localhost:3000/_next/static/chunks/%5Bturbopack%5D_browser_dev_hmr-client_hmr-client_ts_c8c997ce._.js:32:21
    at processTurbopackMessage (http://localhost:3000/_next/static/chunks/node_modules_next_dist_client_17643121._.js:10950:13)
    at processMessage (http://localhost:3000/_next/static/chunks/node_modules_next_dist_client_17643121._.js:11591:17)
    at WebSocket.handleMessage (http://localhost:3000/_next/static/chunks/node_modules_next_dist_client_17643121._.js:10914:52)
