[     327ms] [ERROR] Failed to load resource: the server responded with a status of 500 (Internal Server Error) @ http://localhost:3000/:0
[     432ms] Error: ./components/landing/DesignEffortless.tsx:4:72
Parsing ecmascript source code failed
  2 |   {
  3 |     title: 'Subscribe',
> 4 |     description: 'Subscribe to a plan & request as many designs as you'd like.',
    |                                                                        ^
  5 |     icon: (
  6 |       <svg className="h-full w-full p-3 text-[#6214d9]" fill="none" viewBox="0 0 24 24" stroke="currentColor">
  7 |         <path strokeLinecap="round" strokeLinejoin="round" strokeWidth={2} d="M15 2324-4 4H5a2 2 0 01-2-2V6a2 2 0 012-2h14a2 2 0 012 2v8l-4 4zM6 12v8m8-8v8m-8 4h12" />

Expected ',', got 'ident'

Import trace:
  Server Component:
    ./components/landing/DesignEffortless.tsx
    ./app/page.tsx


    at <unknown> (Error: ./components/landing/DesignEffortless.tsx:4:72)
    at Object.getCompilationErrors (file://D:\GithubProjects\BitStat\frontend\bitstat\node_modules\next\dist\server\dev\hot-reloader-turbopack.js:1008:59)
    at DevBundlerService.getCompilationError (file://D:\GithubProjects\BitStat\frontend\bitstat\node_modules\next\dist\server\lib\dev-bundler-service.js:44:55)
    at DevServer.getCompilationError (file://D:\GithubProjects\BitStat\frontend\bitstat\node_modules\next\dist\server\dev\next-dev-server.js:706:42)
    at DevServer.findPageComponents (file://D:\GithubProjects\BitStat\frontend\bitstat\node_modules\next\dist\server\dev\next-dev-server.js:676:43)
    at async DevServer.renderErrorToResponseImpl (file://D:\GithubProjects\BitStat\frontend\bitstat\node_modules\next\dist\server\base-server.js:1733:26)
[     438ms] [ERROR] ./components/landing/DesignEffortless.tsx:4:72
Parsing ecmascript source code failed
  2 |   {
  3 |     title: 'Subscribe',
> 4 |     description: 'Subscribe to a plan & request as many designs as you'd like.',
    |                                                                        ^
  5 |     icon: (
  6 |       <svg className="h-full w-full p-3 text-[#6214d9]" fill="none" viewBox="0 0 24 24" stroke="currentColor">
  7 |         <path strokeLinecap="round" strokeLinejoin="round" strokeWidth={2} d="M15 2324-4 4H5a2 2 0 01-2-2V6a2 2 0 012-2h14a2 2 0 012 2v8l-4 4zM6 12v8m8-8v8m-8 4h12" />

Expected ',', got 'ident'

Import trace:
  Server Component:
    ./components/landing/DesignEffortless.tsx
    ./app/page.tsx @ http://localhost:3000/_next/static/chunks/node_modules_next_dist_b3fb3b5f._.js:1920
[     554ms] [ERROR] ./components/landing/DesignEffortless.tsx:4:72
Parsing ecmascript source code failed
  2 |   {
  3 |     title: 'Subscribe',
> 4 |     description: 'Subscribe to a plan & request as many designs as you'd like.',
    |                                                                        ^
  5 |     icon: (
  6 |       <svg className="h-full w-full p-3 text-[#6214d9]" fill="none" viewBox="0 0 24 24" stroke="currentColor">
  7 |         <path strokeLinecap="round" strokeLinejoin="round" strokeWidth={2} d="M15 2324-4 4H5a2 2 0 01-2-2V6a2 2 0 012-2h14a2 2 0 012 2v8l-4 4zM6 12v8m8-8v8m-8 4h12" />

Expected ',', got 'ident'

Import trace:
  Server Component:
    ./components/landing/DesignEffortless.tsx
    ./app/page.tsx @ http://localhost:3000/_next/static/chunks/node_modules_next_dist_b3fb3b5f._.js:1920
[     574ms] [ERROR] ./components/landing/DesignEffortless.tsx:4:72
Parsing ecmascript source code failed
  2 |   {
  3 |     title: 'Subscribe',
> 4 |     description: 'Subscribe to a plan & request as many designs as you'd like.',
    |                                                                        ^
  5 |     icon: (
  6 |       <svg className="h-full w-full p-3 text-[#6214d9]" fill="none" viewBox="0 0 24 24" stroke="currentColor">
  7 |         <path strokeLinecap="round" strokeLinejoin="round" strokeWidth={2} d="M15 2324-4 4H5a2 2 0 01-2-2V6a2 2 0 012-2h14a2 2 0 012 2v8l-4 4zM6 12v8m8-8v8m-8 4h12" />

Expected ',', got 'ident'

Import trace:
  Server Component:
    ./components/landing/DesignEffortless.tsx
    ./app/page.tsx @ http://localhost:3000/_next/static/chunks/node_modules_next_dist_b3fb3b5f._.js:1920
[     600ms] [ERROR] ./components/landing/DesignEffortless.tsx:4:72
Parsing ecmascript source code failed
  2 |   {
  3 |     title: 'Subscribe',
> 4 |     description: 'Subscribe to a plan & request as many designs as you'd like.',
    |                                                                        ^
  5 |     icon: (
  6 |       <svg className="h-full w-full p-3 text-[#6214d9]" fill="none" viewBox="0 0 24 24" stroke="currentColor">
  7 |         <path strokeLinecap="round" strokeLinejoin="round" strokeWidth={2} d="M15 2324-4 4H5a2 2 0 01-2-2V6a2 2 0 012-2h14a2 2 0 012 2v8l-4 4zM6 12v8m8-8v8m-8 4h12" />

Expected ',', got 'ident'

Import trace:
  Server Component:
    ./components/landing/DesignEffortless.tsx
    ./app/page.tsx @ http://localhost:3000/_next/static/chunks/node_modules_next_dist_b3fb3b5f._.js:1920
[    1442ms] [ERROR] Encountered two children with the same key, `%s`. Keys should be unique so that components maintain their identity across updates. Non-unique keys may cause children to be duplicated and/or omitted — the behavior is unsupported and could change in a future version. Pause or cancel anytime @ http://localhost:3000/_next/static/chunks/node_modules_next_dist_f3530cac._.js:3127
[    2077ms] [ERROR] Encountered two children with the same key, `%s`. Keys should be unique so that components maintain their identity across updates. Non-unique keys may cause children to be duplicated and/or omitted — the behavior is unsupported and could change in a future version. Pause or cancel anytime @ http://localhost:3000/_next/static/chunks/node_modules_next_dist_f3530cac._.js:3127
