[      23ms] [ERROR] Failed to load resource: the server responded with a status of 500 (Internal Server Error) @ http://localhost:3000/:0
[      72ms] Error: ./app/globals.css
Error evaluating Node.js code
CssSyntaxError: tailwindcss: D:\GithubProjects\BitStat\frontend\bitstat\app\globals.css:1:1: Cannot apply unknown utility class `card`
    [at Input.error (turbopack:///[project]/node_modules/postcss/lib/input.js:135:16)]
    [at Root.error (turbopack:///[project]/node_modules/postcss/lib/node.js:146:32)]
    [at Object.Once (D:\GithubProjects\BitStat\frontend\bitstat\node_modules\@tailwindcss\postcss\dist\index.js:10:6913)]
    [at async LazyResult.runAsync (turbopack:///[project]/node_modules/postcss/lib/lazy-result.js:293:11)]
    [at async transform (turbopack:///[turbopack-node]/transforms/postcss.ts:70:34)]
    [at async run (turbopack:///[turbopack-node]/ipc/evaluate.ts:92:23)]

Import trace:
  Client Component Browser:
    ./app/globals.css [Client Component Browser]
    ./app/layout.tsx [Server Component]


    at Object.getCompilationErrors (file://D:\GithubProjects\BitStat\frontend\bitstat\node_modules\next\dist\server\dev\hot-reloader-turbopack.js:1008:59)
    at DevBundlerService.getCompilationError (file://D:\GithubProjects\BitStat\frontend\bitstat\node_modules\next\dist\server\lib\dev-bundler-service.js:44:55)
    at DevServer.getCompilationError (file://D:\GithubProjects\BitStat\frontend\bitstat\node_modules\next\dist\server\dev\next-dev-server.js:706:42)
    at DevServer.findPageComponents (file://D:\GithubProjects\BitStat\frontend\bitstat\node_modules\next\dist\server\dev\next-dev-server.js:676:43)
    at async DevServer.renderErrorToResponseImpl (file://D:\GithubProjects\BitStat\frontend\bitstat\node_modules\next\dist\server\base-server.js:1733:26)
[      73ms] [ERROR] ./app/globals.css
Error evaluating Node.js code
CssSyntaxError: tailwindcss: D:\GithubProjects\BitStat\frontend\bitstat\app\globals.css:1:1: Cannot apply unknown utility class `card`
    [at Input.error (turbopack:///[project]/node_modules/postcss/lib/input.js:135:16)]
    [at Root.error (turbopack:///[project]/node_modules/postcss/lib/node.js:146:32)]
    [at Object.Once (D:\GithubProjects\BitStat\frontend\bitstat\node_modules\@tailwindcss\postcss\dist\index.js:10:6913)]
    [at async LazyResult.runAsync (turbopack:///[project]/node_modules/postcss/lib/lazy-result.js:293:11)]
    [at async transform (turbopack:///[turbopack-node]/transforms/postcss.ts:70:34)]
    [at async run (turbopack:///[turbopack-node]/ipc/evaluate.ts:92:23)]

Import trace:
  Client Component Browser:
    ./app/globals.css [Client Component Browser]
    ./app/layout.tsx [Server Component] @ http://localhost:3000/_next/static/chunks/node_modules_next_dist_b3fb3b5f._.js:1920
[     114ms] [ERROR] ./app/globals.css
Error evaluating Node.js code
CssSyntaxError: tailwindcss: D:\GithubProjects\BitStat\frontend\bitstat\app\globals.css:1:1: Cannot apply unknown utility class `card`
    [at Input.error (turbopack:///[project]/node_modules/postcss/lib/input.js:135:16)]
    [at Root.error (turbopack:///[project]/node_modules/postcss/lib/node.js:146:32)]
    [at Object.Once (D:\GithubProjects\BitStat\frontend\bitstat\node_modules\@tailwindcss\postcss\dist\index.js:10:6913)]
    [at async LazyResult.runAsync (turbopack:///[project]/node_modules/postcss/lib/lazy-result.js:293:11)]
    [at async transform (turbopack:///[turbopack-node]/transforms/postcss.ts:70:34)]
    [at async run (turbopack:///[turbopack-node]/ipc/evaluate.ts:92:23)]

Import trace:
  Client Component Browser:
    ./app/globals.css [Client Component Browser]
    ./app/layout.tsx [Server Component] @ http://localhost:3000/_next/static/chunks/node_modules_next_dist_b3fb3b5f._.js:1920
[    1085ms] [ERROR] ./app/globals.css
Error evaluating Node.js code
CssSyntaxError: tailwindcss: D:\GithubProjects\BitStat\frontend\bitstat\app\globals.css:1:1: Cannot apply unknown utility class `card`
    [at Input.error (turbopack:///[project]/node_modules/postcss/lib/input.js:135:16)]
    [at Root.error (turbopack:///[project]/node_modules/postcss/lib/node.js:146:32)]
    [at Object.Once (D:\GithubProjects\BitStat\frontend\bitstat\node_modules\@tailwindcss\postcss\dist\index.js:10:6913)]
    [at async LazyResult.runAsync (turbopack:///[project]/node_modules/postcss/lib/lazy-result.js:293:11)]
    [at async transform (turbopack:///[turbopack-node]/transforms/postcss.ts:70:34)]
    [at async run (turbopack:///[turbopack-node]/ipc/evaluate.ts:92:23)]

Import trace:
  Client Component Browser:
    ./app/globals.css [Client Component Browser]
    ./app/layout.tsx [Server Component] @ http://localhost:3000/_next/static/chunks/node_modules_next_dist_b3fb3b5f._.js:1920
[   19001ms] [ERROR] ./app/globals.css
Error evaluating Node.js code
CssSyntaxError: tailwindcss: D:\GithubProjects\BitStat\frontend\bitstat\app\globals.css:1:1: Cannot apply unknown utility class `card`
    [at Input.error (turbopack:///[project]/node_modules/postcss/lib/input.js:135:16)]
    [at Root.error (turbopack:///[project]/node_modules/postcss/lib/node.js:146:32)]
    [at Object.Once (D:\GithubProjects\BitStat\frontend\bitstat\node_modules\@tailwindcss\postcss\dist\index.js:10:6913)]
    [at async LazyResult.runAsync (turbopack:///[project]/node_modules/postcss/lib/lazy-result.js:293:11)]
    [at async transform (turbopack:///[turbopack-node]/transforms/postcss.ts:70:34)]
    [at async run (turbopack:///[turbopack-node]/ipc/evaluate.ts:92:23)]

Import trace:
  Client Component Browser:
    ./app/globals.css [Client Component Browser]
    ./app/layout.tsx [Server Component] @ http://localhost:3000/_next/static/chunks/node_modules_next_dist_b3fb3b5f._.js:1920
[   19323ms] [WARNING] [Fast Refresh] performing full reload because your application had an unrecoverable error @ http://localhost:3000/_next/static/chunks/node_modules_next_dist_b3fb3b5f._.js:1206
[   19914ms] [ERROR] Encountered two children with the same key, `%s`. Keys should be unique so that components maintain their identity across updates. Non-unique keys may cause children to be duplicated and/or omitted — the behavior is unsupported and could change in a future version. Pause or cancel anytime @ http://localhost:3000/_next/static/chunks/node_modules_next_dist_f3530cac._.js:3127
[  175024ms] [WARNING] [HMR] Invalid message: {"isTrusted":true}
TypeError: Cannot convert undefined or null to object
    at Object.keys (<anonymous>)
    at extractModulesFromTurbopackMessage (http://localhost:3000/_next/static/chunks/node_modules_next_dist_client_17643121._.js:11210:39)
    at TurbopackHmr.onTurbopackMessage (http://localhost:3000/_next/static/chunks/node_modules_next_dist_client_17643121._.js:11157:32)
    at processMessage (http://localhost:3000/_next/static/chunks/node_modules_next_dist_client_17643121._.js:11589:30)
    at WebSocket.handleMessage (http://localhost:3000/_next/static/chunks/node_modules_next_dist_client_17643121._.js:10914:52) @ http://localhost:3000/_next/static/chunks/node_modules_next_dist_f3530cac._.js:2297
[  175128ms] [ERROR] Encountered two children with the same key, `%s`. Keys should be unique so that components maintain their identity across updates. Non-unique keys may cause children to be duplicated and/or omitted — the behavior is unsupported and could change in a future version. Pause or cancel anytime @ http://localhost:3000/_next/static/chunks/node_modules_next_dist_f3530cac._.js:3127
[  201003ms] [ERROR] Encountered two children with the same key, `%s`. Keys should be unique so that components maintain their identity across updates. Non-unique keys may cause children to be duplicated and/or omitted — the behavior is unsupported and could change in a future version. Pause or cancel anytime @ http://localhost:3000/_next/static/chunks/node_modules_next_dist_f3530cac._.js:3127
[  284946ms] [ERROR] Encountered two children with the same key, `%s`. Keys should be unique so that components maintain their identity across updates. Non-unique keys may cause children to be duplicated and/or omitted — the behavior is unsupported and could change in a future version. Pause or cancel anytime @ http://localhost:3000/_next/static/chunks/node_modules_next_dist_f3530cac._.js:3127
[  378732ms] [ERROR] Encountered two children with the same key, `%s`. Keys should be unique so that components maintain their identity across updates. Non-unique keys may cause children to be duplicated and/or omitted — the behavior is unsupported and could change in a future version. Pause or cancel anytime @ http://localhost:3000/_next/static/chunks/node_modules_next_dist_f3530cac._.js:3127
[  381428ms] [ERROR] Encountered two children with the same key, `%s`. Keys should be unique so that components maintain their identity across updates. Non-unique keys may cause children to be duplicated and/or omitted — the behavior is unsupported and could change in a future version. Pause or cancel anytime @ http://localhost:3000/_next/static/chunks/node_modules_next_dist_f3530cac._.js:3127
[  406666ms] [ERROR] Encountered two children with the same key, `%s`. Keys should be unique so that components maintain their identity across updates. Non-unique keys may cause children to be duplicated and/or omitted — the behavior is unsupported and could change in a future version. Pause or cancel anytime @ http://localhost:3000/_next/static/chunks/node_modules_next_dist_f3530cac._.js:3127
[  439287ms] [ERROR] Encountered two children with the same key, `%s`. Keys should be unique so that components maintain their identity across updates. Non-unique keys may cause children to be duplicated and/or omitted — the behavior is unsupported and could change in a future version. Pause or cancel anytime @ http://localhost:3000/_next/static/chunks/node_modules_next_dist_f3530cac._.js:3127
[  498700ms] [ERROR] Encountered two children with the same key, `%s`. Keys should be unique so that components maintain their identity across updates. Non-unique keys may cause children to be duplicated and/or omitted — the behavior is unsupported and could change in a future version. Pause or cancel anytime @ http://localhost:3000/_next/static/chunks/node_modules_next_dist_f3530cac._.js:3127
[  527817ms] [ERROR] Encountered two children with the same key, `%s`. Keys should be unique so that components maintain their identity across updates. Non-unique keys may cause children to be duplicated and/or omitted — the behavior is unsupported and could change in a future version. Pause or cancel anytime @ http://localhost:3000/_next/static/chunks/node_modules_next_dist_f3530cac._.js:3127
[  653307ms] [ERROR] Encountered two children with the same key, `%s`. Keys should be unique so that components maintain their identity across updates. Non-unique keys may cause children to be duplicated and/or omitted — the behavior is unsupported and could change in a future version. Pause or cancel anytime @ http://localhost:3000/_next/static/chunks/node_modules_next_dist_f3530cac._.js:3127
[  749961ms] [ERROR] Encountered two children with the same key, `%s`. Keys should be unique so that components maintain their identity across updates. Non-unique keys may cause children to be duplicated and/or omitted — the behavior is unsupported and could change in a future version. Pause or cancel anytime @ http://localhost:3000/_next/static/chunks/node_modules_next_dist_f3530cac._.js:3127
[  761397ms] [ERROR] Encountered two children with the same key, `%s`. Keys should be unique so that components maintain their identity across updates. Non-unique keys may cause children to be duplicated and/or omitted — the behavior is unsupported and could change in a future version. Pause or cancel anytime @ http://localhost:3000/_next/static/chunks/node_modules_next_dist_f3530cac._.js:3127
[  823661ms] [ERROR] Encountered two children with the same key, `%s`. Keys should be unique so that components maintain their identity across updates. Non-unique keys may cause children to be duplicated and/or omitted — the behavior is unsupported and could change in a future version. Pause or cancel anytime @ http://localhost:3000/_next/static/chunks/node_modules_next_dist_f3530cac._.js:3127
[  876593ms] [ERROR] Encountered two children with the same key, `%s`. Keys should be unique so that components maintain their identity across updates. Non-unique keys may cause children to be duplicated and/or omitted — the behavior is unsupported and could change in a future version. Pause or cancel anytime @ http://localhost:3000/_next/static/chunks/node_modules_next_dist_f3530cac._.js:3127
[  892736ms] [ERROR] Encountered two children with the same key, `%s`. Keys should be unique so that components maintain their identity across updates. Non-unique keys may cause children to be duplicated and/or omitted — the behavior is unsupported and could change in a future version. Pause or cancel anytime @ http://localhost:3000/_next/static/chunks/node_modules_next_dist_f3530cac._.js:3127
[  935331ms] [ERROR] Encountered two children with the same key, `%s`. Keys should be unique so that components maintain their identity across updates. Non-unique keys may cause children to be duplicated and/or omitted — the behavior is unsupported and could change in a future version. Pause or cancel anytime @ http://localhost:3000/_next/static/chunks/node_modules_next_dist_f3530cac._.js:3127
[  960817ms] [ERROR] Encountered two children with the same key, `%s`. Keys should be unique so that components maintain their identity across updates. Non-unique keys may cause children to be duplicated and/or omitted — the behavior is unsupported and could change in a future version. Pause or cancel anytime @ http://localhost:3000/_next/static/chunks/node_modules_next_dist_f3530cac._.js:3127
